2016-04-05 06:57:06,932 [DEBUG] django.db.backends.schema: CREATE TABLE "Notification_registereddevices" ("id" serial NOT NULL PRIMARY KEY, "token" varchar(255) NOT NULL, "update_at" timestamp with time zone NOT NULL, "is_active" boolean NOT NULL, "user_id" integer NOT NULL); (params None)
2016-04-05 06:57:07,058 [DEBUG] django.db.backends.schema: ALTER TABLE "Notification_registereddevices" ADD CONSTRAINT "Notification_registere_user_id_63b461493a81aa30_fk_auth_user_id" FOREIGN KEY ("user_id") REFERENCES "auth_user" ("id") DEFERRABLE INITIALLY DEFERRED; (params [])
2016-04-05 06:57:07,076 [DEBUG] django.db.backends.schema: CREATE INDEX "Notification_registereddevices_e8701ad4" ON "Notification_registereddevices" ("user_id"); (params [])
2016-04-05 07:29:34,274 [DEBUG] apnsclient.transport: New session, WB: 2048b/20s, RB: 2048b/20s, TT: 3s, Pool: apnsclient.backends.stdio
2016-04-05 07:29:47,096 [DEBUG] apnsclient.transport: New session, WB: 2048b/20s, RB: 2048b/20s, TT: 3s, Pool: apnsclient.backends.stdio
2016-04-05 07:29:47,950 [DEBUG] apnsclient.transport: New session, WB: 2048b/20s, RB: 2048b/20s, TT: 3s, Pool: apnsclient.backends.stdio
2016-04-05 07:29:50,907 [DEBUG] apnsclient.transport: New session, WB: 2048b/20s, RB: 2048b/20s, TT: 3s, Pool: apnsclient.backends.stdio
2016-04-05 07:30:21,445 [DEBUG] apnsclient.transport: New session, WB: 2048b/20s, RB: 2048b/20s, TT: 3s, Pool: apnsclient.backends.stdio
2016-04-05 07:30:21,596 [DEBUG] apnsclient.transport: New session, WB: 2048b/20s, RB: 2048b/20s, TT: 3s, Pool: apnsclient.backends.stdio
2016-04-05 07:31:17,980 [DEBUG] apnsclient.transport: New session, WB: 2048b/20s, RB: 2048b/20s, TT: 3s, Pool: apnsclient.backends.stdio
2016-04-05 07:31:18,593 [DEBUG] apnsclient.transport: New session, WB: 2048b/20s, RB: 2048b/20s, TT: 3s, Pool: apnsclient.backends.stdio
2016-04-05 07:31:33,222 [DEBUG] apnsclient.transport: New session, WB: 2048b/20s, RB: 2048b/20s, TT: 3s, Pool: apnsclient.backends.stdio
2016-04-05 07:32:35,354 [DEBUG] apnsclient.transport: New session, WB: 2048b/20s, RB: 2048b/20s, TT: 3s, Pool: apnsclient.backends.stdio
2016-04-05 07:33:03,909 [DEBUG] apnsclient.transport: New session, WB: 2048b/20s, RB: 2048b/20s, TT: 3s, Pool: apnsclient.backends.stdio
2016-04-05 07:33:12,283 [DEBUG] apnsclient.transport: New session, WB: 2048b/20s, RB: 2048b/20s, TT: 3s, Pool: apnsclient.backends.stdio
2016-04-05 07:59:34,772 [DEBUG] apnsclient.transport: New session, WB: 2048b/20s, RB: 2048b/20s, TT: 3s, Pool: apnsclient.backends.stdio
2016-04-05 07:59:34,772 [DEBUG] apnsclient.transport: New session, WB: 2048b/20s, RB: 2048b/20s, TT: 3s, Pool: apnsclient.backends.stdio
2016-04-05 08:00:01,277 [DEBUG] apnsclient.transport: New session, WB: 2048b/20s, RB: 2048b/20s, TT: 3s, Pool: apnsclient.backends.stdio
2016-04-05 08:00:01,368 [DEBUG] apnsclient.transport: New session, WB: 2048b/20s, RB: 2048b/20s, TT: 3s, Pool: apnsclient.backends.stdio
2016-04-05 08:00:10,626 [DEBUG] apnsclient.transport: New session, WB: 2048b/20s, RB: 2048b/20s, TT: 3s, Pool: apnsclient.backends.stdio
2016-04-05 08:00:10,751 [DEBUG] apnsclient.transport: New session, WB: 2048b/20s, RB: 2048b/20s, TT: 3s, Pool: apnsclient.backends.stdio
2016-04-05 08:00:21,963 [DEBUG] apnsclient.transport: New session, WB: 2048b/20s, RB: 2048b/20s, TT: 3s, Pool: apnsclient.backends.stdio
2016-04-05 08:01:48,358 [DEBUG] apnsclient.transport: New session, WB: 2048b/20s, RB: 2048b/20s, TT: 3s, Pool: apnsclient.backends.stdio
2016-04-05 08:02:08,678 [DEBUG] apnsclient.transport: New session, WB: 2048b/20s, RB: 2048b/20s, TT: 3s, Pool: apnsclient.backends.stdio
2016-04-05 08:04:00,223 [DEBUG] apnsclient.transport: New session, WB: 2048b/20s, RB: 2048b/20s, TT: 3s, Pool: apnsclient.backends.stdio
2016-04-05 08:04:00,746 [DEBUG] apnsclient.transport: New session, WB: 2048b/20s, RB: 2048b/20s, TT: 3s, Pool: apnsclient.backends.stdio
2016-04-05 08:04:09,063 [DEBUG] apnsclient.transport: New session, WB: 2048b/20s, RB: 2048b/20s, TT: 3s, Pool: apnsclient.backends.stdio
2016-04-05 08:04:37,594 [DEBUG] amqp: Start from server, version: 0.9, properties: {u'information': u'Licensed under the MPL.  See http://www.rabbitmq.com/', u'product': u'RabbitMQ', u'copyright': u'Copyright (C) 2007-2014 GoPivotal, Inc.', u'capabilities': {u'exchange_exchange_bindings': True, u'connection.blocked': True, u'authentication_failure_close': True, u'basic.nack': True, u'per_consumer_qos': True, u'consumer_priorities': True, u'consumer_cancel_notify': True, u'publisher_confirms': True}, u'cluster_name': u'rabbit@Woody-Huang', u'platform': u'Erlang/OTP', u'version': u'3.5.1'}, mechanisms: [u'AMQPLAIN', u'PLAIN'], locales: [u'en_US']
2016-04-05 08:04:37,595 [DEBUG] amqp: Open OK!
2016-04-05 08:04:37,595 [DEBUG] amqp: using channel_id: 1
2016-04-05 08:04:37,596 [DEBUG] amqp: Channel open
2016-04-05 08:05:18,157 [DEBUG] apnsclient.transport: New session, WB: 2048b/20s, RB: 2048b/20s, TT: 3s, Pool: apnsclient.backends.stdio
2016-04-05 08:06:09,591 [DEBUG] apnsclient.transport: New session, WB: 2048b/20s, RB: 2048b/20s, TT: 3s, Pool: apnsclient.backends.stdio
2016-04-05 08:06:15,520 [DEBUG] apnsclient.transport: New session, WB: 2048b/20s, RB: 2048b/20s, TT: 3s, Pool: apnsclient.backends.stdio
2016-04-05 08:06:21,494 [DEBUG] apnsclient.transport: New session, WB: 2048b/20s, RB: 2048b/20s, TT: 3s, Pool: apnsclient.backends.stdio
2016-04-05 08:06:42,481 [DEBUG] apnsclient.transport: New session, WB: 2048b/20s, RB: 2048b/20s, TT: 3s, Pool: apnsclient.backends.stdio
2016-04-05 08:06:42,629 [DEBUG] apnsclient.transport: New session, WB: 2048b/20s, RB: 2048b/20s, TT: 3s, Pool: apnsclient.backends.stdio
2016-04-05 08:06:49,889 [DEBUG] apnsclient.transport: New session, WB: 2048b/20s, RB: 2048b/20s, TT: 3s, Pool: apnsclient.backends.stdio
2016-04-05 08:06:49,990 [DEBUG] apnsclient.transport: New session, WB: 2048b/20s, RB: 2048b/20s, TT: 3s, Pool: apnsclient.backends.stdio
2016-04-05 08:06:54,056 [DEBUG] apnsclient.transport: New session, WB: 2048b/20s, RB: 2048b/20s, TT: 3s, Pool: apnsclient.backends.stdio
2016-04-05 08:06:58,220 [DEBUG] amqp: Start from server, version: 0.9, properties: {u'information': u'Licensed under the MPL.  See http://www.rabbitmq.com/', u'product': u'RabbitMQ', u'copyright': u'Copyright (C) 2007-2014 GoPivotal, Inc.', u'capabilities': {u'exchange_exchange_bindings': True, u'connection.blocked': True, u'authentication_failure_close': True, u'basic.nack': True, u'per_consumer_qos': True, u'consumer_priorities': True, u'consumer_cancel_notify': True, u'publisher_confirms': True}, u'cluster_name': u'rabbit@Woody-Huang', u'platform': u'Erlang/OTP', u'version': u'3.5.1'}, mechanisms: [u'AMQPLAIN', u'PLAIN'], locales: [u'en_US']
2016-04-05 08:06:58,220 [DEBUG] amqp: Open OK!
2016-04-05 08:06:58,221 [DEBUG] amqp: using channel_id: 1
2016-04-05 08:06:58,221 [DEBUG] amqp: Channel open
2016-04-05 08:10:41,962 [DEBUG] apnsclient.transport: New session, WB: 2048b/20s, RB: 2048b/20s, TT: 3s, Pool: apnsclient.backends.stdio
2016-04-05 08:10:42,141 [DEBUG] apnsclient.transport: New session, WB: 2048b/20s, RB: 2048b/20s, TT: 3s, Pool: apnsclient.backends.stdio
2016-04-05 08:10:53,452 [DEBUG] apnsclient.transport: New session, WB: 2048b/20s, RB: 2048b/20s, TT: 3s, Pool: apnsclient.backends.stdio
2016-04-05 08:10:53,465 [DEBUG] apnsclient.transport: New session, WB: 2048b/20s, RB: 2048b/20s, TT: 3s, Pool: apnsclient.backends.stdio
